{"numTotalTestSuites":7,"numPassedTestSuites":7,"numFailedTestSuites":0,"numPendingTestSuites":0,"numTotalTests":18,"numPassedTests":18,"numFailedTests":0,"numPendingTests":0,"numTodoTests":0,"snapshot":{"added":0,"failure":false,"filesAdded":0,"filesRemoved":0,"filesRemovedList":[],"filesUnmatched":0,"filesUpdated":0,"matched":0,"total":0,"unchecked":0,"uncheckedKeysByFile":[],"unmatched":0,"updated":0,"didUpdate":false},"startTime":1780739198162,"success":true,"testResults":[{"assertionResults":[{"ancestorTitles":["Post Service","createPost"],"fullName":"Post Service createPost should create a new post successfully","status":"passed","title":"should create a new post successfully","duration":31.825500000000034,"failureMessages":[],"meta":{}},{"ancestorTitles":["Post Service","createPost"],"fullName":"Post Service createPost should create unpublished post by default","status":"passed","title":"should create unpublished post by default","duration":7.7772919999999885,"failureMessages":[],"meta":{}},{"ancestorTitles":["Post Service","queryPosts"],"fullName":"Post Service queryPosts should return paginated posts with default options","status":"passed","title":"should return paginated posts with default options","duration":10.613958000000025,"failureMessages":[],"meta":{}},{"ancestorTitles":["Post Service","queryPosts"],"fullName":"Post Service queryPosts should filter posts by published status","status":"passed","title":"should filter posts by published status","duration":8.551375000000007,"failureMessages":[],"meta":{}},{"ancestorTitles":["Post Service","queryPosts"],"fullName":"Post Service queryPosts should filter posts by author","status":"passed","title":"should filter posts by author","duration":7.925749999999994,"failureMessages":[],"meta":{}},{"ancestorTitles":["Post Service","queryPosts"],"fullName":"Post Service queryPosts should sort posts by createdAt desc by default","status":"passed","title":"should sort posts by createdAt desc by default","duration":7.326667000000043,"failureMessages":[],"meta":{}},{"ancestorTitles":["Post Service","queryPosts"],"fullName":"Post Service queryPosts should sort posts by title asc","status":"passed","title":"should sort posts by title asc","duration":6.905874999999924,"failureMessages":[],"meta":{}},{"ancestorTitles":["Post Service","queryPosts"],"fullName":"Post Service queryPosts should include comment count","status":"passed","title":"should include comment count","duration":8.44991600000003,"failureMessages":[],"meta":{}},{"ancestorTitles":["Post Service","getPostById"],"fullName":"Post Service getPostById should return post with author and comments","status":"passed","title":"should return post with author and comments","duration":6.811625000000049,"failureMessages":[],"meta":{}},{"ancestorTitles":["Post Service","getPostById"],"fullName":"Post Service getPostById should return null for non-existent post","status":"passed","title":"should return null for non-existent post","duration":3.6287090000000717,"failureMessages":[],"meta":{}},{"ancestorTitles":["Post Service","getPostById"],"fullName":"Post Service getPostById should order comments by createdAt desc","status":"passed","title":"should order comments by createdAt desc","duration":6.205874999999992,"failureMessages":[],"meta":{}},{"ancestorTitles":["Post Service","updatePostById"],"fullName":"Post Service updatePostById should update post successfully","status":"passed","title":"should update post successfully","duration":6.708582999999976,"failureMessages":[],"meta":{}},{"ancestorTitles":["Post Service","updatePostById"],"fullName":"Post Service updatePostById should throw error for non-existent post","status":"passed","title":"should throw error for non-existent post","duration":4.57104199999992,"failureMessages":[],"meta":{}},{"ancestorTitles":["Post Service","updatePostById"],"fullName":"Post Service updatePostById should throw error when user is not the author","status":"passed","title":"should throw error when user is not the author","duration":5.183332999999948,"failureMessages":[],"meta":{}},{"ancestorTitles":["Post Service","deletePostById"],"fullName":"Post Service deletePostById should delete post successfully","status":"passed","title":"should delete post successfully","duration":5.8331249999999955,"failureMessages":[],"meta":{}},{"ancestorTitles":["Post Service","deletePostById"],"fullName":"Post Service deletePostById should throw error for non-existent post","status":"passed","title":"should throw error for non-existent post","duration":3.989165999999841,"failureMessages":[],"meta":{}},{"ancestorTitles":["Post Service","deletePostById"],"fullName":"Post Service deletePostById should throw error when user is not the author","status":"passed","title":"should throw error when user is not the author","duration":5.131665999999996,"failureMessages":[],"meta":{}},{"ancestorTitles":["Post Service","deletePostById"],"fullName":"Post Service deletePostById should delete post with comments","status":"passed","title":"should delete post with comments","duration":6.012040999999954,"failureMessages":[],"meta":{}}],"startTime":1780739199076,"endTime":1780739199220.012,"status":"passed","message":"","name":"/Users/sangcl/Documents/Development/Study/ai-native-methodology/plugins/context-ops/examples/poc-18-express-prisma-modern-ts/target/test/modules/post/post.service.test.ts"}]}