{"numTotalTestSuites":1,"numPassedTestSuites":0,"numFailedTestSuites":1,"numPendingTestSuites":0,"numTotalTests":0,"numPassedTests":0,"numFailedTests":0,"numPendingTests":0,"numTodoTests":0,"startTime":1778044220489,"success":false,"testResults":[{"assertionResults":[],"startTime":1778044220489,"endTime":1778044220489,"status":"failed","message":"Failed to load url ./user.service.js (resolved id: ./user.service.js) in /Users/sangcl/Documents/Development/Study/ai-native-methodology/ai-native-methodology/examples/poc-05-sample-user-register/target/src/user.service.test.ts. Does the file exist?","name":"/Users/sangcl/Documents/Development/Study/ai-native-methodology/ai-native-methodology/examples/poc-05-sample-user-register/target/src/user.service.test.ts"}]}