{"numTotalTestSuites":3,"numPassedTestSuites":3,"numFailedTestSuites":0,"numPendingTestSuites":0,"numTotalTests":6,"numPassedTests":6,"numFailedTests":0,"numPendingTests":0,"numTodoTests":0,"startTime":1778044260380,"success":true,"testResults":[{"assertionResults":[{"ancestorTitles":["","TC-USER-001 — register (UC-USER-001 / AC-USER-001 / BHV-USER-001)"],"fullName":" TC-USER-001 — register (UC-USER-001 / AC-USER-001 / BHV-USER-001) happy path — 신규 등록 성공 시 user.id 반환","status":"passed","title":"happy path — 신규 등록 성공 시 user.id 반환","duration":0,"failureMessages":[]},{"ancestorTitles":["","TC-USER-001 — register (UC-USER-001 / AC-USER-001 / BHV-USER-001)"],"fullName":" TC-USER-001 — register (UC-USER-001 / AC-USER-001 / BHV-USER-001) 이메일 중복 시 EmailDuplicateError throw + store 크기 변화 ❌ (BR-USER-DATA-001)","status":"passed","title":"이메일 중복 시 EmailDuplicateError throw + store 크기 변화 ❌ (BR-USER-DATA-001)","duration":1,"failureMessages":[]},{"ancestorTitles":["","TC-USER-001 — register (UC-USER-001 / AC-USER-001 / BHV-USER-001)"],"fullName":" TC-USER-001 — register (UC-USER-001 / AC-USER-001 / BHV-USER-001) 비밀번호 < 8자 시 PasswordTooShortError throw (BR-USER-VALIDATION-001)","status":"passed","title":"비밀번호 < 8자 시 PasswordTooShortError throw (BR-USER-VALIDATION-001)","duration":0,"failureMessages":[]},{"ancestorTitles":["","TC-USER-002 — login (UC-USER-002 / AC-USER-002 / BHV-USER-002)"],"fullName":" TC-USER-002 — login (UC-USER-002 / AC-USER-002 / BHV-USER-002) happy path — 일치 시 user 반환","status":"passed","title":"happy path — 일치 시 user 반환","duration":0,"failureMessages":[]},{"ancestorTitles":["","TC-USER-002 — login (UC-USER-002 / AC-USER-002 / BHV-USER-002)"],"fullName":" TC-USER-002 — login (UC-USER-002 / AC-USER-002 / BHV-USER-002) 비밀번호 불일치 시 null 반환","status":"passed","title":"비밀번호 불일치 시 null 반환","duration":0,"failureMessages":[]},{"ancestorTitles":["","TC-USER-002 — login (UC-USER-002 / AC-USER-002 / BHV-USER-002)"],"fullName":" TC-USER-002 — login (UC-USER-002 / AC-USER-002 / BHV-USER-002) 사용자 없음 시 null 반환","status":"passed","title":"사용자 없음 시 null 반환","duration":0,"failureMessages":[]}],"startTime":1778044260581,"endTime":1778044260582,"status":"passed","message":"","name":"/Users/sangcl/Documents/Development/Study/ai-native-methodology/ai-native-methodology/examples/poc-05-sample-user-register/target/src/user.service.test.ts"}]}