{"numTotalTestSuites":8,"numPassedTestSuites":8,"numFailedTestSuites":0,"numPendingTestSuites":0,"numTotalTests":18,"numPassedTests":18,"numFailedTests":0,"numPendingTests":0,"numTodoTests":0,"snapshot":{"added":0,"failure":false,"filesAdded":0,"filesRemoved":0,"filesRemovedList":[],"filesUnmatched":0,"filesUpdated":0,"matched":0,"total":0,"unchecked":0,"uncheckedKeysByFile":[],"unmatched":0,"updated":0,"didUpdate":false},"startTime":1781160860738,"success":true,"testResults":[{"assertionResults":[{"ancestorTitles":["createUser (composition / mocked collaborators)"],"fullName":"createUser (composition / mocked collaborators) hashes the password via encryptPassword and persists ONLY the hash (never plaintext)","status":"passed","title":"hashes the password via encryptPassword and persists ONLY the hash (never plaintext)","duration":1.128040999999996,"failureMessages":[],"meta":{}},{"ancestorTitles":["createUser (composition / mocked collaborators)"],"fullName":"createUser (composition / mocked collaborators) rejects when the email is already taken and never hashes","status":"passed","title":"rejects when the email is already taken and never hashes","duration":0.2582090000000221,"failureMessages":[],"meta":{}}],"startTime":1781160861250,"endTime":1781160861251.2583,"status":"passed","message":"","name":"/Users/sangcl/Documents/Development/Study/ai-native-methodology/plugins/context-ops/examples/poc-18-express-prisma-modern-ts/target/test/modules/user/user.service.unit.test.ts"},{"assertionResults":[{"ancestorTitles":["Encryption Utils","encryptPassword"],"fullName":"Encryption Utils encryptPassword should encrypt password successfully","status":"passed","title":"should encrypt password successfully","duration":21.982500000000016,"failureMessages":[],"meta":{}},{"ancestorTitles":["Encryption Utils","encryptPassword"],"fullName":"Encryption Utils encryptPassword should generate different hashes for same password","status":"passed","title":"should generate different hashes for same password","duration":29.759209,"failureMessages":[],"meta":{}},{"ancestorTitles":["Encryption Utils","encryptPassword"],"fullName":"Encryption Utils encryptPassword should handle empty password","status":"passed","title":"should handle empty password","duration":14.344249999999988,"failureMessages":[],"meta":{}},{"ancestorTitles":["Encryption Utils","encryptPassword"],"fullName":"Encryption Utils encryptPassword should handle special characters in password","status":"passed","title":"should handle special characters in password","duration":14.532583000000045,"failureMessages":[],"meta":{}},{"ancestorTitles":["Encryption Utils","isPasswordMatch"],"fullName":"Encryption Utils isPasswordMatch should return true for matching password","status":"passed","title":"should return true for matching password","duration":29.84016600000001,"failureMessages":[],"meta":{}},{"ancestorTitles":["Encryption Utils","isPasswordMatch"],"fullName":"Encryption Utils isPasswordMatch should return false for non-matching password","status":"passed","title":"should return false for non-matching password","duration":29.31208300000003,"failureMessages":[],"meta":{}},{"ancestorTitles":["Encryption Utils","isPasswordMatch"],"fullName":"Encryption Utils isPasswordMatch should return false for empty password","status":"passed","title":"should return false for empty password","duration":29.679250000000025,"failureMessages":[],"meta":{}},{"ancestorTitles":["Encryption Utils","isPasswordMatch"],"fullName":"Encryption Utils isPasswordMatch should return false for null password","status":"passed","title":"should return false for null password","duration":14.812207999999998,"failureMessages":[],"meta":{}},{"ancestorTitles":["Encryption Utils","isPasswordMatch"],"fullName":"Encryption Utils isPasswordMatch should handle special characters correctly","status":"passed","title":"should handle special characters correctly","duration":29.017916000000014,"failureMessages":[],"meta":{}}],"startTime":1781160861018,"endTime":1781160861232.0178,"status":"passed","message":"","name":"/Users/sangcl/Documents/Development/Study/ai-native-methodology/plugins/context-ops/examples/poc-18-express-prisma-modern-ts/target/test/shared/utils/encryption.test.ts"},{"assertionResults":[{"ancestorTitles":["Pick Utils"],"fullName":"Pick Utils should pick specified keys from object","status":"passed","title":"should pick specified keys from object","duration":1.1284580000000233,"failureMessages":[],"meta":{}},{"ancestorTitles":["Pick Utils"],"fullName":"Pick Utils should handle empty keys array","status":"passed","title":"should handle empty keys array","duration":0.3610830000000078,"failureMessages":[],"meta":{}},{"ancestorTitles":["Pick Utils"],"fullName":"Pick Utils should handle non-existent keys gracefully","status":"passed","title":"should handle non-existent keys gracefully","duration":0.13375000000002046,"failureMessages":[],"meta":{}},{"ancestorTitles":["Pick Utils"],"fullName":"Pick Utils should handle nested objects","status":"passed","title":"should handle nested objects","duration":0.26379200000002356,"failureMessages":[],"meta":{}},{"ancestorTitles":["Pick Utils"],"fullName":"Pick Utils should handle arrays","status":"passed","title":"should handle arrays","duration":0.14995800000002646,"failureMessages":[],"meta":{}},{"ancestorTitles":["Pick Utils"],"fullName":"Pick Utils should handle null and undefined values","status":"passed","title":"should handle null and undefined values","duration":0.10904099999999062,"failureMessages":[],"meta":{}},{"ancestorTitles":["Pick Utils"],"fullName":"Pick Utils should preserve object reference types","status":"passed","title":"should preserve object reference types","duration":0.09054199999997081,"failureMessages":[],"meta":{}}],"startTime":1781160861258,"endTime":1781160861260.15,"status":"passed","message":"","name":"/Users/sangcl/Documents/Development/Study/ai-native-methodology/plugins/context-ops/examples/poc-18-express-prisma-modern-ts/target/test/shared/utils/pick.test.ts"}]}